生成启动时间为 2016/2/26 0:45:21。
     1>项目“E:\Study\程序设计\打飞机\打飞机\打飞机.vcxproj”在节点 2 上(Build 个目标)。
     1>ClCompile:
         D:\ProgramFiles\VS2013\VC\bin\CL.exe /c /ZI /nologo /W3 /WX- /Od /Oy- /D WIN32 /D _DEBUG /D _CONSOLE /D _UNICODE /D UNICODE /Gm /EHsc /RTC1 /MDd /GS /fp:precise /Zc:wchar_t /Zc:forScope /Fo"Debug\\" /Fd"Debug\vc120.pdb" /Gd /TP /analyze- /errorReport:prompt Boss.cpp Bullet.cpp ConsoleScreen.cpp Enemy.cpp EnemyList.cpp execution.cpp Gain.cpp GameWorld.cpp Player.cpp
         Player.cpp
         GameWorld.cpp
         Gain.cpp
         execution.cpp
         EnemyList.cpp
         Enemy.cpp
         ConsoleScreen.cpp
         Bullet.cpp
         Boss.cpp
         正在生成代码...
       Link:
         D:\ProgramFiles\VS2013\VC\bin\link.exe /ERRORREPORT:PROMPT /OUT:"E:\Study\程序设计\打飞机\Debug\打飞机.exe" /INCREMENTAL /NOLOGO kernel32.lib user32.lib gdi32.lib winspool.lib comdlg32.lib advapi32.lib shell32.lib ole32.lib oleaut32.lib uuid.lib odbc32.lib odbccp32.lib /MANIFEST /MANIFESTUAC:"level='asInvoker' uiAccess='false'" /manifest:embed /DEBUG /PDB:"E:\Study\程序设计\打飞机\Debug\打飞机.pdb" /SUBSYSTEM:CONSOLE /TLBID:1 /DYNAMICBASE /NXCOMPAT /IMPLIB:"E:\Study\程序设计\打飞机\Debug\打飞机.lib" /MACHINE:X86 /SAFESEH Debug\Boss.obj
         Debug\Bullet.obj
         Debug\ConsoleScreen.obj
         Debug\Enemy.obj
         Debug\EnemyList.obj
         Debug\execution.obj
         Debug\Gain.obj
         Debug\GameWorld.obj
         Debug\Player.obj
     1>Boss.obj : warning LNK4075: 忽略“/EDITANDCONTINUE”(由于“/SAFESEH”规范)
         打飞机.vcxproj -> E:\Study\程序设计\打飞机\Debug\打飞机.exe
     1>已完成生成项目“E:\Study\程序设计\打飞机\打飞机\打飞机.vcxproj”(Build 个目标)的操作。

生成成功。

已用时间 00:00:04.39
